E:\workspace\gthink_server_source\project_solider\trunk\gthink_solider\server_solider\x64\Debug\cl.command.1.tlog
E:\workspace\gthink_server_source\project_solider\trunk\gthink_solider\server_solider\x64\Debug\CL.read.1.tlog
E:\workspace\gthink_server_source\project_solider\trunk\gthink_solider\server_solider\x64\Debug\CL.write.1.tlog
E:\WORKSPACE\GTHINK_SERVER_SOURCE\PROJECT_SOLIDER\TRUNK\GTHINK_SOLIDER\SERVER_SOLIDER\X64\DEBUG\HANDLEMSGREQGAMEENTER.OBJ
E:\WORKSPACE\GTHINK_SERVER_SOURCE\PROJECT_SOLIDER\TRUNK\GTHINK_SOLIDER\SERVER_SOLIDER\X64\DEBUG\HANDLEMSGREQLOGIN.OBJ
E:\WORKSPACE\GTHINK_SERVER_SOURCE\PROJECT_SOLIDER\TRUNK\GTHINK_SOLIDER\SERVER_SOLIDER\X64\DEBUG\HANDLEMSGREQREGISTER.OBJ
E:\WORKSPACE\GTHINK_SERVER_SOURCE\PROJECT_SOLIDER\TRUNK\GTHINK_SOLIDER\SERVER_SOLIDER\X64\DEBUG\HANDLEMSGREQREGISTERROLE.OBJ
E:\workspace\gthink_server_source\project_solider\trunk\gthink_solider\server_solider\x64\Debug\link.command.1.tlog
E:\workspace\gthink_server_source\project_solider\trunk\gthink_solider\server_solider\x64\Debug\link.read.1.tlog
E:\workspace\gthink_server_source\project_solider\trunk\gthink_solider\server_solider\x64\Debug\link.write.1.tlog
E:\workspace\gthink_server_source\project_solider\trunk\gthink_solider\server_solider\x64\Debug\mt.command.1.tlog
E:\workspace\gthink_server_source\project_solider\trunk\gthink_solider\server_solider\x64\Debug\mt.read.1.tlog
E:\workspace\gthink_server_source\project_solider\trunk\gthink_solider\server_solider\x64\Debug\mt.write.1.tlog
E:\WORKSPACE\GTHINK_SERVER_SOURCE\PROJECT_SOLIDER\TRUNK\GTHINK_SOLIDER\SERVER_SOLIDER\X64\DEBUG\SERVER_SOLIDER.EXE.INTERMEDIATE.MANIFEST
E:\WORKSPACE\GTHINK_SERVER_SOURCE\PROJECT_SOLIDER\TRUNK\GTHINK_SOLIDER\SERVER_SOLIDER\X64\DEBUG\SERVER_SOLIDER.OBJ
E:\workspace\gthink_server_source\project_solider\trunk\gthink_solider\server_solider\x64\Debug\server_solider.write.1.tlog
E:\WORKSPACE\GTHINK_SERVER_SOURCE\PROJECT_SOLIDER\TRUNK\GTHINK_SOLIDER\SERVER_SOLIDER\X64\DEBUG\STDAFX.OBJ
E:\WORKSPACE\GTHINK_SERVER_SOURCE\PROJECT_SOLIDER\TRUNK\GTHINK_SOLIDER\SERVER_SOLIDER\X64\DEBUG\VC100.PDB
E:\WORKSPACE\GTHINK_SERVER_SOURCE\PROJECT_SOLIDER\TRUNK\GTHINK_SOLIDER\X64\DEBUG\SERVER_SOLIDER.EXE
E:\WORKSPACE\GTHINK_SERVER_SOURCE\PROJECT_SOLIDER\TRUNK\GTHINK_SOLIDER\X64\DEBUG\SERVER_SOLIDER.ILK
E:\WORKSPACE\GTHINK_SERVER_SOURCE\PROJECT_SOLIDER\TRUNK\GTHINK_SOLIDER\X64\DEBUG\SERVER_SOLIDER.PDB
