E:\workspace\gthink_server_source\project_solider\trunk\gthink_solider\server_recv\x64\Debug\cl.command.1.tlog
E:\workspace\gthink_server_source\project_solider\trunk\gthink_solider\server_recv\x64\Debug\CL.read.1.tlog
E:\workspace\gthink_server_source\project_solider\trunk\gthink_solider\server_recv\x64\Debug\CL.write.1.tlog
E:\workspace\gthink_server_source\project_solider\trunk\gthink_solider\server_recv\x64\Debug\link.command.1.tlog
E:\workspace\gthink_server_source\project_solider\trunk\gthink_solider\server_recv\x64\Debug\link.read.1.tlog
E:\workspace\gthink_server_source\project_solider\trunk\gthink_solider\server_recv\x64\Debug\link.write.1.tlog
E:\workspace\gthink_server_source\project_solider\trunk\gthink_solider\server_recv\x64\Debug\mt.command.1.tlog
E:\workspace\gthink_server_source\project_solider\trunk\gthink_solider\server_recv\x64\Debug\mt.read.1.tlog
E:\workspace\gthink_server_source\project_solider\trunk\gthink_solider\server_recv\x64\Debug\mt.write.1.tlog
E:\WORKSPACE\GTHINK_SERVER_SOURCE\PROJECT_SOLIDER\TRUNK\GTHINK_SOLIDER\SERVER_RECV\X64\DEBUG\SERVER_RECV.EXE.INTERMEDIATE.MANIFEST
E:\WORKSPACE\GTHINK_SERVER_SOURCE\PROJECT_SOLIDER\TRUNK\GTHINK_SOLIDER\SERVER_RECV\X64\DEBUG\SERVER_RECV.OBJ
E:\WORKSPACE\GTHINK_SERVER_SOURCE\PROJECT_SOLIDER\TRUNK\GTHINK_SOLIDER\SERVER_RECV\X64\DEBUG\SERVER_RECV.PCH
E:\workspace\gthink_server_source\project_solider\trunk\gthink_solider\server_recv\x64\Debug\server_recv.write.1.tlog
E:\WORKSPACE\GTHINK_SERVER_SOURCE\PROJECT_SOLIDER\TRUNK\GTHINK_SOLIDER\SERVER_RECV\X64\DEBUG\STDAFX.OBJ
E:\workspace\gthink_server_source\project_solider\trunk\gthink_solider\server_recv\x64\Debug\vc100.idb
E:\WORKSPACE\GTHINK_SERVER_SOURCE\PROJECT_SOLIDER\TRUNK\GTHINK_SOLIDER\SERVER_RECV\X64\DEBUG\VC100.PDB
E:\WORKSPACE\GTHINK_SERVER_SOURCE\PROJECT_SOLIDER\TRUNK\GTHINK_SOLIDER\X64\DEBUG\SERVER_RECV.EXE
E:\WORKSPACE\GTHINK_SERVER_SOURCE\PROJECT_SOLIDER\TRUNK\GTHINK_SOLIDER\X64\DEBUG\SERVER_RECV.EXE.MANIFEST
E:\WORKSPACE\GTHINK_SERVER_SOURCE\PROJECT_SOLIDER\TRUNK\GTHINK_SOLIDER\X64\DEBUG\SERVER_RECV.ILK
E:\WORKSPACE\GTHINK_SERVER_SOURCE\PROJECT_SOLIDER\TRUNK\GTHINK_SOLIDER\X64\DEBUG\SERVER_RECV.PDB
